<?xml version="1.0" encoding="UTF-8"?>
<testsuite name="org.example.TestMain" tests="12" skipped="0" failures="0" errors="0" timestamp="2023-12-19T19:36:31" hostname="DESKTOP-D7B7UCK" time="0.221">
  <properties/>
  <testcase name="coliziuniCicluStudiiContestatii10()" classname="org.example.TestMain" time="0.082"/>
  <testcase name="coliziuniMedie08()" classname="org.example.TestMain" time="0.007"/>
  <testcase name="toateFunctionalitatile12()" classname="org.example.TestMain" time="0.013"/>
  <testcase name="inroleazaSimplu05()" classname="org.example.TestMain" time="0.023"/>
  <testcase name="posteazaMedii01()" classname="org.example.TestMain" time="0.008"/>
  <testcase name="posteazaMediiContestatii02()" classname="org.example.TestMain" time="0.008"/>
  <testcase name="posteazaMediiContestatii03()" classname="org.example.TestMain" time="0.009"/>
  <testcase name="posteazaMediiContestatii04()" classname="org.example.TestMain" time="0.008"/>
  <testcase name="inroleazaCicluStudiiContestatii07()" classname="org.example.TestMain" time="0.009"/>
  <testcase name="inroleazaCicluStudii06()" classname="org.example.TestMain" time="0.008"/>
  <testcase name="coliziuniCicluStudii09()" classname="org.example.TestMain" time="0.011"/>
  <testcase name="exceptieSimplu11()" classname="org.example.TestMain" time="0.007"/>
  <system-out><![CDATA[10-coliziuni_ciclu_studii_contestatii
08-coliziuni_medie
12-toate_functionalitatile
05-inroleaza_simplu
01-posteaza_medii
02-posteaza_medii_contestatii
03-posteaza_medii_contestatii
04-posteaza_medii_contestatii
07-inroleaza_ciclu_studii_contestatii
06-inroleaza_ciclu_studii
09-coliziuni_ciclu_studii
11-exceptie_simplu
]]></system-out>
  <system-err><![CDATA[]]></system-err>
</testsuite>
